2024-08-17 12:32:55.844 [info] Added views:workbench.panel.markers.view in workbench.panel.markers
2024-08-17 12:32:55.847 [info] Added views:workbench.panel.output in workbench.panel.output
2024-08-17 12:32:55.847 [info] Added views:terminal in terminal
2024-08-17 12:32:55.847 [info] Added views:outline in workbench.view.explorer
2024-08-17 12:32:55.847 [info] Added views:workbench.scm in workbench.view.scm
2024-08-17 12:32:55.847 [info] Added views:workbench.view.search in workbench.view.search
2024-08-17 12:32:55.847 [info] Added views:timeline in workbench.view.explorer
2024-08-17 12:32:55.847 [info] Added views:workbench.explorer.emptyView in workbench.view.explorer
2024-08-17 12:32:56.675 [info] Added views:workbench.debug.welcome in workbench.view.debug
2024-08-17 12:32:57.284 [info] Added views:workbench.panel.repl.view in workbench.panel.repl
2024-08-17 12:32:57.563 [info] Added views:~remote.forwardedPorts in ~remote.forwardedPortsContainer
2024-08-17 12:34:57.314 [info] Added views:workbench.panel.markers.view in workbench.panel.markers
2024-08-17 12:34:57.314 [info] Added views:workbench.panel.output in workbench.panel.output
2024-08-17 12:34:57.314 [info] Added views:terminal in terminal
2024-08-17 12:34:57.314 [info] Added views:outline in workbench.view.explorer
2024-08-17 12:34:57.314 [info] Added views:workbench.scm in workbench.view.scm
2024-08-17 12:34:57.314 [info] Added views:workbench.view.search in workbench.view.search
2024-08-17 12:34:57.314 [info] Added views:timeline in workbench.view.explorer
2024-08-17 12:34:57.314 [info] Added views:workbench.explorer.fileView in workbench.view.explorer
2024-08-17 12:34:58.535 [info] Added views:workbench.debug.variablesView,workbench.debug.watchExpressionsView,workbench.debug.callStackView,workbench.debug.breakPointsView in workbench.view.debug
2024-08-17 12:34:58.600 [info] Added views:workbench.panel.repl.view in workbench.panel.repl
2024-08-17 12:34:58.604 [info] Removed views:workbench.debug.breakPointsView,workbench.debug.callStackView,workbench.debug.watchExpressionsView,workbench.debug.variablesView from workbench.view.debug
2024-08-17 12:34:58.609 [info] Added views:workbench.debug.welcome in workbench.view.debug
2024-08-17 12:34:58.976 [info] Added views:~remote.forwardedPorts in ~remote.forwardedPortsContainer
