2024-08-18 15:23:39.376 [info] [main] Log level: Info
2024-08-18 15:23:39.377 [info] [main] Validating found git in: "git"
2024-08-18 15:23:39.418 [info] [main] Using git "2.46.0" from "git"
2024-08-18 15:23:39.418 [info] [Model][doInitialScan] Initial repository scan started
2024-08-18 15:23:39.456 [info] > git rev-parse --show-toplevel [14ms]
2024-08-18 15:23:39.456 [info] fatal: not a git repository (or any parent up to mount point /)
Stopping at filesystem boundary (GIT_DISCOVERY_ACROSS_FILESYSTEM not set).
2024-08-18 15:23:39.472 [info] > git rev-parse --show-toplevel [6ms]
2024-08-18 15:23:39.472 [info] fatal: not a git repository (or any parent up to mount point /)
Stopping at filesystem boundary (GIT_DISCOVERY_ACROSS_FILESYSTEM not set).
2024-08-18 15:23:39.532 [info] > git rev-parse --show-toplevel [39ms]
2024-08-18 15:23:39.532 [info] fatal: not a git repository (or any parent up to mount point /)
Stopping at filesystem boundary (GIT_DISCOVERY_ACROSS_FILESYSTEM not set).
2024-08-18 15:23:39.565 [info] > git rev-parse --show-toplevel [8ms]
2024-08-18 15:23:39.565 [info] fatal: not a git repository (or any parent up to mount point /)
Stopping at filesystem boundary (GIT_DISCOVERY_ACROSS_FILESYSTEM not set).
2024-08-18 15:23:39.581 [info] > git rev-parse --show-toplevel [7ms]
2024-08-18 15:23:39.581 [info] fatal: not a git repository (or any parent up to mount point /)
Stopping at filesystem boundary (GIT_DISCOVERY_ACROSS_FILESYSTEM not set).
2024-08-18 15:23:39.619 [info] > git rev-parse --show-toplevel [24ms]
2024-08-18 15:23:39.619 [info] fatal: not a git repository (or any parent up to mount point /)
Stopping at filesystem boundary (GIT_DISCOVERY_ACROSS_FILESYSTEM not set).
2024-08-18 15:23:39.631 [info] > git rev-parse --show-toplevel [1ms]
2024-08-18 15:23:39.631 [info] fatal: not a git repository (or any parent up to mount point /)
Stopping at filesystem boundary (GIT_DISCOVERY_ACROSS_FILESYSTEM not set).
2024-08-18 15:23:39.647 [info] > git rev-parse --show-toplevel [2ms]
2024-08-18 15:23:39.647 [info] fatal: not a git repository (or any parent up to mount point /)
Stopping at filesystem boundary (GIT_DISCOVERY_ACROSS_FILESYSTEM not set).
2024-08-18 15:23:39.655 [info] > git rev-parse --show-toplevel [2ms]
2024-08-18 15:23:39.655 [info] fatal: not a git repository (or any parent up to mount point /)
Stopping at filesystem boundary (GIT_DISCOVERY_ACROSS_FILESYSTEM not set).
2024-08-18 15:23:39.664 [info] > git rev-parse --show-toplevel [3ms]
2024-08-18 15:23:39.664 [info] fatal: not a git repository (or any parent up to mount point /)
Stopping at filesystem boundary (GIT_DISCOVERY_ACROSS_FILESYSTEM not set).
2024-08-18 15:23:39.670 [info] > git rev-parse --show-toplevel [2ms]
2024-08-18 15:23:39.670 [info] fatal: not a git repository (or any parent up to mount point /)
Stopping at filesystem boundary (GIT_DISCOVERY_ACROSS_FILESYSTEM not set).
2024-08-18 15:23:39.675 [info] > git rev-parse --show-toplevel [1ms]
2024-08-18 15:23:39.675 [info] fatal: not a git repository (or any parent up to mount point /)
Stopping at filesystem boundary (GIT_DISCOVERY_ACROSS_FILESYSTEM not set).
2024-08-18 15:23:39.680 [info] > git rev-parse --show-toplevel [1ms]
2024-08-18 15:23:39.680 [info] fatal: not a git repository (or any parent up to mount point /)
Stopping at filesystem boundary (GIT_DISCOVERY_ACROSS_FILESYSTEM not set).
2024-08-18 15:23:39.686 [info] > git rev-parse --show-toplevel [2ms]
2024-08-18 15:23:39.686 [info] fatal: not a git repository (or any parent up to mount point /)
Stopping at filesystem boundary (GIT_DISCOVERY_ACROSS_FILESYSTEM not set).
2024-08-18 15:23:39.694 [info] > git rev-parse --show-toplevel [1ms]
2024-08-18 15:23:39.694 [info] fatal: not a git repository (or any parent up to mount point /)
Stopping at filesystem boundary (GIT_DISCOVERY_ACROSS_FILESYSTEM not set).
2024-08-18 15:23:39.700 [info] > git rev-parse --show-toplevel [3ms]
2024-08-18 15:23:39.700 [info] fatal: not a git repository (or any parent up to mount point /)
Stopping at filesystem boundary (GIT_DISCOVERY_ACROSS_FILESYSTEM not set).
2024-08-18 15:23:39.700 [info] [Model][doInitialScan] Initial repository scan completed - repositories (0), closed repositories (0), parent repositories (0), unsafe repositories (0)
2024-08-18 15:23:39.715 [info] > git rev-parse --show-toplevel [3ms]
2024-08-18 15:23:39.715 [info] fatal: not a git repository (or any parent up to mount point /)
Stopping at filesystem boundary (GIT_DISCOVERY_ACROSS_FILESYSTEM not set).
2024-08-18 15:56:25.944 [info] > git rev-parse --show-toplevel [5ms]
2024-08-18 15:56:25.945 [info] fatal: not a git repository (or any parent up to mount point /)
Stopping at filesystem boundary (GIT_DISCOVERY_ACROSS_FILESYSTEM not set).
