2024-08-19 07:17:32.785 [info] [main] Log level: Info
2024-08-19 07:17:32.785 [info] [main] Validating found git in: "git"
2024-08-19 07:17:32.785 [info] [main] Using git "2.46.0" from "git"
2024-08-19 07:17:32.785 [info] [Model][doInitialScan] Initial repository scan started
2024-08-19 07:17:32.795 [info] > git rev-parse --show-toplevel [10ms]
2024-08-19 07:17:32.795 [info] fatal: not a git repository (or any parent up to mount point /)
Stopping at filesystem boundary (GIT_DISCOVERY_ACROSS_FILESYSTEM not set).
2024-08-19 07:17:32.804 [info] > git rev-parse --show-toplevel [1ms]
2024-08-19 07:17:32.804 [info] fatal: not a git repository (or any parent up to mount point /)
Stopping at filesystem boundary (GIT_DISCOVERY_ACROSS_FILESYSTEM not set).
2024-08-19 07:17:32.813 [info] > git rev-parse --show-toplevel [1ms]
2024-08-19 07:17:32.813 [info] fatal: not a git repository (or any parent up to mount point /)
Stopping at filesystem boundary (GIT_DISCOVERY_ACROSS_FILESYSTEM not set).
2024-08-19 07:17:32.823 [info] > git rev-parse --show-toplevel [3ms]
2024-08-19 07:17:32.823 [info] fatal: not a git repository (or any parent up to mount point /)
Stopping at filesystem boundary (GIT_DISCOVERY_ACROSS_FILESYSTEM not set).
2024-08-19 07:17:32.833 [info] > git rev-parse --show-toplevel [4ms]
2024-08-19 07:17:32.833 [info] fatal: not a git repository (or any parent up to mount point /)
Stopping at filesystem boundary (GIT_DISCOVERY_ACROSS_FILESYSTEM not set).
2024-08-19 07:17:32.841 [info] > git rev-parse --show-toplevel [3ms]
2024-08-19 07:17:32.841 [info] fatal: not a git repository (or any parent up to mount point /)
Stopping at filesystem boundary (GIT_DISCOVERY_ACROSS_FILESYSTEM not set).
2024-08-19 07:17:32.852 [info] > git rev-parse --show-toplevel [4ms]
2024-08-19 07:17:32.852 [info] fatal: not a git repository (or any parent up to mount point /)
Stopping at filesystem boundary (GIT_DISCOVERY_ACROSS_FILESYSTEM not set).
2024-08-19 07:17:32.861 [info] > git rev-parse --show-toplevel [2ms]
2024-08-19 07:17:32.861 [info] fatal: not a git repository (or any parent up to mount point /)
Stopping at filesystem boundary (GIT_DISCOVERY_ACROSS_FILESYSTEM not set).
2024-08-19 07:17:32.872 [info] > git rev-parse --show-toplevel [2ms]
2024-08-19 07:17:32.872 [info] fatal: not a git repository (or any parent up to mount point /)
Stopping at filesystem boundary (GIT_DISCOVERY_ACROSS_FILESYSTEM not set).
2024-08-19 07:17:32.898 [info] > git rev-parse --show-toplevel [2ms]
2024-08-19 07:17:32.899 [info] fatal: not a git repository (or any parent up to mount point /)
Stopping at filesystem boundary (GIT_DISCOVERY_ACROSS_FILESYSTEM not set).
2024-08-19 07:17:32.919 [info] > git rev-parse --show-toplevel [15ms]
2024-08-19 07:17:32.919 [info] fatal: not a git repository (or any parent up to mount point /)
Stopping at filesystem boundary (GIT_DISCOVERY_ACROSS_FILESYSTEM not set).
2024-08-19 07:17:32.938 [info] > git rev-parse --show-toplevel [2ms]
2024-08-19 07:17:32.938 [info] fatal: not a git repository (or any parent up to mount point /)
Stopping at filesystem boundary (GIT_DISCOVERY_ACROSS_FILESYSTEM not set).
2024-08-19 07:17:32.949 [info] > git rev-parse --show-toplevel [2ms]
2024-08-19 07:17:32.949 [info] fatal: not a git repository (or any parent up to mount point /)
Stopping at filesystem boundary (GIT_DISCOVERY_ACROSS_FILESYSTEM not set).
2024-08-19 07:17:32.959 [info] > git rev-parse --show-toplevel [1ms]
2024-08-19 07:17:32.959 [info] fatal: not a git repository (or any parent up to mount point /)
Stopping at filesystem boundary (GIT_DISCOVERY_ACROSS_FILESYSTEM not set).
2024-08-19 07:17:32.966 [info] > git rev-parse --show-toplevel [2ms]
2024-08-19 07:17:32.966 [info] fatal: not a git repository (or any parent up to mount point /)
Stopping at filesystem boundary (GIT_DISCOVERY_ACROSS_FILESYSTEM not set).
2024-08-19 07:17:32.980 [info] > git rev-parse --show-toplevel [4ms]
2024-08-19 07:17:32.980 [info] fatal: not a git repository (or any parent up to mount point /)
Stopping at filesystem boundary (GIT_DISCOVERY_ACROSS_FILESYSTEM not set).
2024-08-19 07:17:32.981 [info] [Model][doInitialScan] Initial repository scan completed - repositories (0), closed repositories (0), parent repositories (0), unsafe repositories (0)
2024-08-19 07:17:33.134 [info] > git rev-parse --show-toplevel [10ms]
2024-08-19 07:17:33.135 [info] fatal: not a git repository (or any parent up to mount point /)
Stopping at filesystem boundary (GIT_DISCOVERY_ACROSS_FILESYSTEM not set).
2024-08-19 07:17:33.685 [info] > git rev-parse --show-toplevel [3ms]
2024-08-19 07:17:33.685 [info] fatal: not a git repository (or any parent up to mount point /)
Stopping at filesystem boundary (GIT_DISCOVERY_ACROSS_FILESYSTEM not set).
