2024-08-13 22:49:23 Loading main app package /usr/lib/obsidian/obsidian.asar
2024-08-13 22:49:24 Checking for update using Github
2024-08-13 22:49:24 Success.
2024-08-13 22:49:24 Latest version is 1.6.7
2024-08-13 22:49:24 App is up to date.
2024-08-14 00:30:40 Loading main app package /usr/lib/obsidian/obsidian.asar
2024-08-14 00:30:41 Checking for update using Github
2024-08-14 00:30:41 Success.
2024-08-14 00:30:41 Latest version is 1.6.7
2024-08-14 00:30:41 App is up to date.
2024-08-15 01:27:32 Loading main app package /usr/lib/obsidian/obsidian.asar
2024-08-15 01:27:33 Checking for update using Github
2024-08-15 01:27:33 Success.
2024-08-15 01:27:33 Latest version is 1.6.7
2024-08-15 01:27:33 App is up to date.
2024-08-15 07:25:14 Loading main app package /usr/lib/obsidian/obsidian.asar
2024-08-15 07:25:14 Checking for update using Github
2024-08-15 07:25:15 Success.
2024-08-15 07:25:15 Latest version is 1.6.7
2024-08-15 07:25:15 App is up to date.
2024-08-15 08:25:14 Checking for update using Github
2024-08-15 08:25:14 Success.
2024-08-15 08:25:14 Latest version is 1.6.7
2024-08-15 08:25:14 App is up to date.
2024-08-15 09:25:14 Checking for update using Github
2024-08-15 09:25:14 Success.
2024-08-15 09:25:14 Latest version is 1.6.7
2024-08-15 09:25:14 App is up to date.
2024-08-15 10:25:14 Checking for update using Github
2024-08-15 10:25:14 Success.
2024-08-15 10:25:14 Latest version is 1.6.7
2024-08-15 10:25:14 App is up to date.
2024-08-15 11:25:14 Checking for update using Github
2024-08-15 11:25:14 Success.
2024-08-15 11:25:14 Latest version is 1.6.7
2024-08-15 11:25:14 App is up to date.
2024-08-15 12:25:14 Checking for update using Github
2024-08-15 12:25:14 Success.
2024-08-15 12:25:14 Latest version is 1.6.7
2024-08-15 12:25:14 App is up to date.
2024-08-15 13:25:14 Checking for update using Github
2024-08-15 13:25:14 Success.
2024-08-15 13:25:14 Latest version is 1.6.7
2024-08-15 13:25:14 App is up to date.
2024-08-15 14:25:14 Checking for update using Github
2024-08-15 14:25:14 Success.
2024-08-15 14:25:14 Latest version is 1.6.7
2024-08-15 14:25:14 App is up to date.
2024-08-16 15:46:12 Loading main app package /usr/lib/obsidian/obsidian.asar
2024-08-16 15:46:13 Checking for update using Github
2024-08-16 15:46:13 Success.
2024-08-16 15:46:13 Latest version is 1.6.7
2024-08-16 15:46:13 App is up to date.
2024-08-16 15:47:19 Loading main app package /usr/lib/obsidian/obsidian.asar
2024-08-16 15:47:19 Checking for update using Github
2024-08-16 15:49:44 Loading main app package /usr/lib/obsidian/obsidian.asar
2024-08-16 15:49:44 Checking for update using Github
2024-08-16 17:37:20 Loading main app package /usr/lib/obsidian/obsidian.asar
2024-08-16 17:37:21 Checking for update using Github
2024-08-16 18:32:12 Checking for update using Github
2024-08-16 18:32:12 Success.
2024-08-16 18:32:12 Latest version is 1.6.7
2024-08-16 18:32:12 App is up to date.
2024-08-20 00:12:33 Loading main app package /usr/lib/obsidian/obsidian.asar
2024-08-20 00:12:34 Checking for update using Github
2024-08-20 00:12:34 Failed to check for update using Github (net::ERR_INTERNET_DISCONNECTED)
2024-08-20 00:12:34 Checking for update using obsidian.md
2024-08-20 00:12:34 Failed to check for update using obsidian.md (net::ERR_INTERNET_DISCONNECTED)
