2024-08-19 07:08:24.185 [info] [main] Log level: Info
2024-08-19 07:08:24.185 [info] [main] Validating found git in: "git"
2024-08-19 07:08:24.227 [info] [main] Using git "2.46.0" from "git"
2024-08-19 07:08:24.227 [info] [Model][doInitialScan] Initial repository scan started
2024-08-19 07:08:24.268 [info] > git rev-parse --show-toplevel [13ms]
2024-08-19 07:08:24.268 [info] fatal: not a git repository (or any parent up to mount point /)
Stopping at filesystem boundary (GIT_DISCOVERY_ACROSS_FILESYSTEM not set).
2024-08-19 07:08:24.285 [info] > git rev-parse --show-toplevel [5ms]
2024-08-19 07:08:24.285 [info] fatal: not a git repository (or any parent up to mount point /)
Stopping at filesystem boundary (GIT_DISCOVERY_ACROSS_FILESYSTEM not set).
2024-08-19 07:08:24.346 [info] > git rev-parse --show-toplevel [3ms]
2024-08-19 07:08:24.346 [info] fatal: not a git repository (or any parent up to mount point /)
Stopping at filesystem boundary (GIT_DISCOVERY_ACROSS_FILESYSTEM not set).
2024-08-19 07:08:24.357 [info] > git rev-parse --show-toplevel [3ms]
2024-08-19 07:08:24.357 [info] fatal: not a git repository (or any parent up to mount point /)
Stopping at filesystem boundary (GIT_DISCOVERY_ACROSS_FILESYSTEM not set).
2024-08-19 07:08:24.369 [info] > git rev-parse --show-toplevel [4ms]
2024-08-19 07:08:24.369 [info] fatal: not a git repository (or any parent up to mount point /)
Stopping at filesystem boundary (GIT_DISCOVERY_ACROSS_FILESYSTEM not set).
2024-08-19 07:08:24.379 [info] > git rev-parse --show-toplevel [3ms]
2024-08-19 07:08:24.379 [info] fatal: not a git repository (or any parent up to mount point /)
Stopping at filesystem boundary (GIT_DISCOVERY_ACROSS_FILESYSTEM not set).
2024-08-19 07:08:24.399 [info] > git rev-parse --show-toplevel [11ms]
2024-08-19 07:08:24.399 [info] fatal: not a git repository (or any parent up to mount point /)
Stopping at filesystem boundary (GIT_DISCOVERY_ACROSS_FILESYSTEM not set).
2024-08-19 07:08:24.411 [info] > git rev-parse --show-toplevel [3ms]
2024-08-19 07:08:24.411 [info] fatal: not a git repository (or any parent up to mount point /)
Stopping at filesystem boundary (GIT_DISCOVERY_ACROSS_FILESYSTEM not set).
2024-08-19 07:08:24.423 [info] > git rev-parse --show-toplevel [1ms]
2024-08-19 07:08:24.423 [info] fatal: not a git repository (or any parent up to mount point /)
Stopping at filesystem boundary (GIT_DISCOVERY_ACROSS_FILESYSTEM not set).
2024-08-19 07:08:24.431 [info] > git rev-parse --show-toplevel [2ms]
2024-08-19 07:08:24.431 [info] fatal: not a git repository (or any parent up to mount point /)
Stopping at filesystem boundary (GIT_DISCOVERY_ACROSS_FILESYSTEM not set).
2024-08-19 07:08:24.445 [info] > git rev-parse --show-toplevel [3ms]
2024-08-19 07:08:24.445 [info] fatal: not a git repository (or any parent up to mount point /)
Stopping at filesystem boundary (GIT_DISCOVERY_ACROSS_FILESYSTEM not set).
2024-08-19 07:08:24.464 [info] > git rev-parse --show-toplevel [4ms]
2024-08-19 07:08:24.464 [info] fatal: not a git repository (or any parent up to mount point /)
Stopping at filesystem boundary (GIT_DISCOVERY_ACROSS_FILESYSTEM not set).
2024-08-19 07:08:24.481 [info] > git rev-parse --show-toplevel [3ms]
2024-08-19 07:08:24.481 [info] fatal: not a git repository (or any parent up to mount point /)
Stopping at filesystem boundary (GIT_DISCOVERY_ACROSS_FILESYSTEM not set).
2024-08-19 07:08:24.496 [info] > git rev-parse --show-toplevel [2ms]
2024-08-19 07:08:24.496 [info] fatal: not a git repository (or any parent up to mount point /)
Stopping at filesystem boundary (GIT_DISCOVERY_ACROSS_FILESYSTEM not set).
2024-08-19 07:08:24.506 [info] > git rev-parse --show-toplevel [2ms]
2024-08-19 07:08:24.506 [info] fatal: not a git repository (or any parent up to mount point /)
Stopping at filesystem boundary (GIT_DISCOVERY_ACROSS_FILESYSTEM not set).
2024-08-19 07:08:24.514 [info] > git rev-parse --show-toplevel [2ms]
2024-08-19 07:08:24.514 [info] fatal: not a git repository (or any parent up to mount point /)
Stopping at filesystem boundary (GIT_DISCOVERY_ACROSS_FILESYSTEM not set).
2024-08-19 07:08:24.515 [info] [Model][doInitialScan] Initial repository scan completed - repositories (0), closed repositories (0), parent repositories (0), unsafe repositories (0)
2024-08-19 07:08:24.751 [info] > git rev-parse --show-toplevel [12ms]
2024-08-19 07:08:24.751 [info] fatal: not a git repository (or any parent up to mount point /)
Stopping at filesystem boundary (GIT_DISCOVERY_ACROSS_FILESYSTEM not set).
