2024-08-16 01:50:41.791 [info] [main] Log level: Info
2024-08-16 01:50:41.791 [info] [main] Validating found git in: "git"
2024-08-16 01:50:41.843 [info] [main] Using git "2.46.0" from "git"
2024-08-16 01:50:41.843 [info] [Model][doInitialScan] Initial repository scan started
2024-08-16 01:50:41.905 [info] > git rev-parse --show-toplevel [18ms]
2024-08-16 01:50:41.905 [info] fatal: not a git repository (or any parent up to mount point /)
Stopping at filesystem boundary (GIT_DISCOVERY_ACROSS_FILESYSTEM not set).
2024-08-16 01:50:41.926 [info] > git rev-parse --show-toplevel [7ms]
2024-08-16 01:50:41.926 [info] fatal: not a git repository (or any parent up to mount point /)
Stopping at filesystem boundary (GIT_DISCOVERY_ACROSS_FILESYSTEM not set).
2024-08-16 01:50:42.000 [info] > git rev-parse --show-toplevel [10ms]
2024-08-16 01:50:42.000 [info] fatal: not a git repository (or any parent up to mount point /)
Stopping at filesystem boundary (GIT_DISCOVERY_ACROSS_FILESYSTEM not set).
2024-08-16 01:50:42.036 [info] > git rev-parse --show-toplevel [18ms]
2024-08-16 01:50:42.036 [info] fatal: not a git repository (or any parent up to mount point /)
Stopping at filesystem boundary (GIT_DISCOVERY_ACROSS_FILESYSTEM not set).
2024-08-16 01:50:42.043 [info] > git rev-parse --show-toplevel [1ms]
2024-08-16 01:50:42.043 [info] fatal: not a git repository (or any parent up to mount point /)
Stopping at filesystem boundary (GIT_DISCOVERY_ACROSS_FILESYSTEM not set).
2024-08-16 01:50:42.056 [info] > git rev-parse --show-toplevel [2ms]
2024-08-16 01:50:42.056 [info] fatal: not a git repository (or any parent up to mount point /)
Stopping at filesystem boundary (GIT_DISCOVERY_ACROSS_FILESYSTEM not set).
2024-08-16 01:50:42.070 [info] > git rev-parse --show-toplevel [6ms]
2024-08-16 01:50:42.070 [info] fatal: not a git repository (or any parent up to mount point /)
Stopping at filesystem boundary (GIT_DISCOVERY_ACROSS_FILESYSTEM not set).
2024-08-16 01:50:42.081 [info] > git rev-parse --show-toplevel [4ms]
2024-08-16 01:50:42.081 [info] fatal: not a git repository (or any parent up to mount point /)
Stopping at filesystem boundary (GIT_DISCOVERY_ACROSS_FILESYSTEM not set).
2024-08-16 01:50:42.090 [info] > git rev-parse --show-toplevel [2ms]
2024-08-16 01:50:42.090 [info] fatal: not a git repository (or any parent up to mount point /)
Stopping at filesystem boundary (GIT_DISCOVERY_ACROSS_FILESYSTEM not set).
2024-08-16 01:50:42.101 [info] > git rev-parse --show-toplevel [1ms]
2024-08-16 01:50:42.101 [info] fatal: not a git repository (or any parent up to mount point /)
Stopping at filesystem boundary (GIT_DISCOVERY_ACROSS_FILESYSTEM not set).
2024-08-16 01:50:42.112 [info] > git rev-parse --show-toplevel [3ms]
2024-08-16 01:50:42.112 [info] fatal: not a git repository (or any parent up to mount point /)
Stopping at filesystem boundary (GIT_DISCOVERY_ACROSS_FILESYSTEM not set).
2024-08-16 01:50:42.125 [info] > git rev-parse --show-toplevel [5ms]
2024-08-16 01:50:42.125 [info] fatal: not a git repository (or any parent up to mount point /)
Stopping at filesystem boundary (GIT_DISCOVERY_ACROSS_FILESYSTEM not set).
2024-08-16 01:50:42.138 [info] > git rev-parse --show-toplevel [2ms]
2024-08-16 01:50:42.138 [info] fatal: not a git repository (or any parent up to mount point /)
Stopping at filesystem boundary (GIT_DISCOVERY_ACROSS_FILESYSTEM not set).
2024-08-16 01:50:42.150 [info] > git rev-parse --show-toplevel [4ms]
2024-08-16 01:50:42.150 [info] fatal: not a git repository (or any parent up to mount point /)
Stopping at filesystem boundary (GIT_DISCOVERY_ACROSS_FILESYSTEM not set).
2024-08-16 01:50:42.158 [info] > git rev-parse --show-toplevel [2ms]
2024-08-16 01:50:42.158 [info] fatal: not a git repository (or any parent up to mount point /)
Stopping at filesystem boundary (GIT_DISCOVERY_ACROSS_FILESYSTEM not set).
2024-08-16 01:50:42.172 [info] > git rev-parse --show-toplevel [3ms]
2024-08-16 01:50:42.172 [info] fatal: not a git repository (or any parent up to mount point /)
Stopping at filesystem boundary (GIT_DISCOVERY_ACROSS_FILESYSTEM not set).
2024-08-16 01:50:42.172 [info] [Model][doInitialScan] Initial repository scan completed - repositories (0), closed repositories (0), parent repositories (0), unsafe repositories (0)
2024-08-16 01:50:42.376 [info] > git rev-parse --show-toplevel [5ms]
2024-08-16 01:50:42.376 [info] fatal: not a git repository (or any parent up to mount point /)
Stopping at filesystem boundary (GIT_DISCOVERY_ACROSS_FILESYSTEM not set).
