2024-08-19 18:17:30.659 [info] [main] Log level: Info
2024-08-19 18:17:30.659 [info] [main] Validating found git in: "git"
2024-08-19 18:17:30.659 [info] [main] Using git "2.46.0" from "git"
2024-08-19 18:17:30.659 [info] [Model][doInitialScan] Initial repository scan started
2024-08-19 18:17:30.672 [info] > git rev-parse --show-toplevel [14ms]
2024-08-19 18:17:30.672 [info] fatal: not a git repository (or any parent up to mount point /)
Stopping at filesystem boundary (GIT_DISCOVERY_ACROSS_FILESYSTEM not set).
2024-08-19 18:17:30.690 [info] > git rev-parse --show-toplevel [8ms]
2024-08-19 18:17:30.690 [info] fatal: not a git repository (or any parent up to mount point /)
Stopping at filesystem boundary (GIT_DISCOVERY_ACROSS_FILESYSTEM not set).
2024-08-19 18:17:30.715 [info] > git rev-parse --show-toplevel [5ms]
2024-08-19 18:17:30.715 [info] fatal: not a git repository (or any parent up to mount point /)
Stopping at filesystem boundary (GIT_DISCOVERY_ACROSS_FILESYSTEM not set).
2024-08-19 18:17:30.757 [info] > git rev-parse --show-toplevel [15ms]
2024-08-19 18:17:30.757 [info] fatal: not a git repository (or any parent up to mount point /)
Stopping at filesystem boundary (GIT_DISCOVERY_ACROSS_FILESYSTEM not set).
2024-08-19 18:17:30.780 [info] > git rev-parse --show-toplevel [10ms]
2024-08-19 18:17:30.780 [info] fatal: not a git repository (or any parent up to mount point /)
Stopping at filesystem boundary (GIT_DISCOVERY_ACROSS_FILESYSTEM not set).
2024-08-19 18:17:30.792 [info] > git rev-parse --show-toplevel [1ms]
2024-08-19 18:17:30.792 [info] fatal: not a git repository (or any parent up to mount point /)
Stopping at filesystem boundary (GIT_DISCOVERY_ACROSS_FILESYSTEM not set).
2024-08-19 18:17:30.806 [info] > git rev-parse --show-toplevel [5ms]
2024-08-19 18:17:30.806 [info] fatal: not a git repository (or any parent up to mount point /)
Stopping at filesystem boundary (GIT_DISCOVERY_ACROSS_FILESYSTEM not set).
2024-08-19 18:17:30.817 [info] > git rev-parse --show-toplevel [3ms]
2024-08-19 18:17:30.817 [info] fatal: not a git repository (or any parent up to mount point /)
Stopping at filesystem boundary (GIT_DISCOVERY_ACROSS_FILESYSTEM not set).
2024-08-19 18:17:30.828 [info] > git rev-parse --show-toplevel [4ms]
2024-08-19 18:17:30.828 [info] fatal: not a git repository (or any parent up to mount point /)
Stopping at filesystem boundary (GIT_DISCOVERY_ACROSS_FILESYSTEM not set).
2024-08-19 18:17:30.842 [info] > git rev-parse --show-toplevel [4ms]
2024-08-19 18:17:30.842 [info] fatal: not a git repository (or any parent up to mount point /)
Stopping at filesystem boundary (GIT_DISCOVERY_ACROSS_FILESYSTEM not set).
2024-08-19 18:17:30.858 [info] > git rev-parse --show-toplevel [6ms]
2024-08-19 18:17:30.858 [info] fatal: not a git repository (or any parent up to mount point /)
Stopping at filesystem boundary (GIT_DISCOVERY_ACROSS_FILESYSTEM not set).
2024-08-19 18:17:30.869 [info] > git rev-parse --show-toplevel [1ms]
2024-08-19 18:17:30.869 [info] fatal: not a git repository (or any parent up to mount point /)
Stopping at filesystem boundary (GIT_DISCOVERY_ACROSS_FILESYSTEM not set).
2024-08-19 18:17:30.877 [info] > git rev-parse --show-toplevel [2ms]
2024-08-19 18:17:30.877 [info] fatal: not a git repository (or any parent up to mount point /)
Stopping at filesystem boundary (GIT_DISCOVERY_ACROSS_FILESYSTEM not set).
2024-08-19 18:17:30.886 [info] > git rev-parse --show-toplevel [2ms]
2024-08-19 18:17:30.886 [info] fatal: not a git repository (or any parent up to mount point /)
Stopping at filesystem boundary (GIT_DISCOVERY_ACROSS_FILESYSTEM not set).
2024-08-19 18:17:30.900 [info] > git rev-parse --show-toplevel [2ms]
2024-08-19 18:17:30.900 [info] fatal: not a git repository (or any parent up to mount point /)
Stopping at filesystem boundary (GIT_DISCOVERY_ACROSS_FILESYSTEM not set).
2024-08-19 18:17:30.909 [info] > git rev-parse --show-toplevel [3ms]
2024-08-19 18:17:30.910 [info] fatal: not a git repository (or any parent up to mount point /)
Stopping at filesystem boundary (GIT_DISCOVERY_ACROSS_FILESYSTEM not set).
2024-08-19 18:17:30.910 [info] [Model][doInitialScan] Initial repository scan completed - repositories (0), closed repositories (0), parent repositories (0), unsafe repositories (0)
2024-08-19 18:17:31.004 [info] > git rev-parse --show-toplevel [16ms]
2024-08-19 18:17:31.004 [info] fatal: not a git repository (or any parent up to mount point /)
Stopping at filesystem boundary (GIT_DISCOVERY_ACROSS_FILESYSTEM not set).
2024-08-19 18:17:31.190 [info] > git rev-parse --show-toplevel [2ms]
2024-08-19 18:17:31.190 [info] fatal: not a git repository (or any parent up to mount point /)
Stopping at filesystem boundary (GIT_DISCOVERY_ACROSS_FILESYSTEM not set).
2024-08-19 18:17:31.887 [info] > git rev-parse --show-toplevel [2ms]
2024-08-19 18:17:31.887 [info] fatal: not a git repository (or any parent up to mount point /)
Stopping at filesystem boundary (GIT_DISCOVERY_ACROSS_FILESYSTEM not set).
2024-08-19 18:19:16.481 [info] > git rev-parse --show-toplevel [2ms]
2024-08-19 18:19:16.481 [info] fatal: not a git repository (or any parent up to mount point /)
Stopping at filesystem boundary (GIT_DISCOVERY_ACROSS_FILESYSTEM not set).
2024-08-19 18:19:32.291 [info] > git rev-parse --show-toplevel [2ms]
2024-08-19 18:19:32.291 [info] fatal: not a git repository (or any parent up to mount point /)
Stopping at filesystem boundary (GIT_DISCOVERY_ACROSS_FILESYSTEM not set).
2024-08-19 18:19:33.850 [info] > git rev-parse --show-toplevel [2ms]
2024-08-19 18:19:33.850 [info] fatal: not a git repository (or any parent up to mount point /)
Stopping at filesystem boundary (GIT_DISCOVERY_ACROSS_FILESYSTEM not set).
2024-08-19 18:19:36.880 [info] > git rev-parse --show-toplevel [2ms]
2024-08-19 18:19:36.881 [info] fatal: not a git repository (or any parent up to mount point /)
Stopping at filesystem boundary (GIT_DISCOVERY_ACROSS_FILESYSTEM not set).
2024-08-19 18:19:40.674 [info] > git rev-parse --show-toplevel [7ms]
2024-08-19 18:19:40.674 [info] fatal: not a git repository (or any parent up to mount point /)
Stopping at filesystem boundary (GIT_DISCOVERY_ACROSS_FILESYSTEM not set).
2024-08-19 18:19:42.592 [info] > git rev-parse --show-toplevel [2ms]
2024-08-19 18:19:42.592 [info] fatal: not a git repository (or any parent up to mount point /)
Stopping at filesystem boundary (GIT_DISCOVERY_ACROSS_FILESYSTEM not set).
2024-08-19 18:19:44.767 [info] > git rev-parse --show-toplevel [2ms]
2024-08-19 18:19:44.767 [info] fatal: not a git repository (or any parent up to mount point /)
Stopping at filesystem boundary (GIT_DISCOVERY_ACROSS_FILESYSTEM not set).
2024-08-19 18:19:56.632 [info] > git rev-parse --show-toplevel [2ms]
2024-08-19 18:19:56.632 [info] fatal: not a git repository (or any parent up to mount point /)
Stopping at filesystem boundary (GIT_DISCOVERY_ACROSS_FILESYSTEM not set).
2024-08-19 18:21:15.305 [info] > git rev-parse --show-toplevel [1ms]
2024-08-19 18:21:15.305 [info] fatal: not a git repository (or any parent up to mount point /)
Stopping at filesystem boundary (GIT_DISCOVERY_ACROSS_FILESYSTEM not set).
2024-08-19 18:22:44.901 [info] > git rev-parse --show-toplevel [2ms]
2024-08-19 18:22:44.901 [info] fatal: not a git repository (or any parent up to mount point /)
Stopping at filesystem boundary (GIT_DISCOVERY_ACROSS_FILESYSTEM not set).
2024-08-19 18:22:48.015 [info] > git rev-parse --show-toplevel [3ms]
2024-08-19 18:22:48.015 [info] fatal: not a git repository (or any parent up to mount point /)
Stopping at filesystem boundary (GIT_DISCOVERY_ACROSS_FILESYSTEM not set).
2024-08-19 18:23:19.025 [info] > git rev-parse --show-toplevel [2ms]
2024-08-19 18:23:19.025 [info] fatal: not a git repository (or any parent up to mount point /)
Stopping at filesystem boundary (GIT_DISCOVERY_ACROSS_FILESYSTEM not set).
2024-08-19 18:23:22.774 [info] > git rev-parse --show-toplevel [3ms]
2024-08-19 18:23:22.774 [info] fatal: not a git repository (or any parent up to mount point /)
Stopping at filesystem boundary (GIT_DISCOVERY_ACROSS_FILESYSTEM not set).
2024-08-19 18:25:30.185 [info] > git rev-parse --show-toplevel [2ms]
2024-08-19 18:25:30.185 [info] fatal: not a git repository (or any parent up to mount point /)
Stopping at filesystem boundary (GIT_DISCOVERY_ACROSS_FILESYSTEM not set).
2024-08-19 18:25:37.841 [info] > git rev-parse --show-toplevel [2ms]
2024-08-19 18:25:37.841 [info] fatal: not a git repository (or any parent up to mount point /)
Stopping at filesystem boundary (GIT_DISCOVERY_ACROSS_FILESYSTEM not set).
2024-08-19 18:25:42.609 [info] > git rev-parse --show-toplevel [5ms]
2024-08-19 18:25:42.611 [info] fatal: not a git repository (or any parent up to mount point /)
Stopping at filesystem boundary (GIT_DISCOVERY_ACROSS_FILESYSTEM not set).
2024-08-19 18:25:44.578 [info] > git rev-parse --show-toplevel [2ms]
2024-08-19 18:25:44.578 [info] fatal: not a git repository (or any parent up to mount point /)
Stopping at filesystem boundary (GIT_DISCOVERY_ACROSS_FILESYSTEM not set).
2024-08-19 18:26:06.888 [info] > git rev-parse --show-toplevel [2ms]
2024-08-19 18:26:06.889 [info] fatal: not a git repository (or any parent up to mount point /)
Stopping at filesystem boundary (GIT_DISCOVERY_ACROSS_FILESYSTEM not set).
2024-08-19 18:26:08.911 [info] > git rev-parse --show-toplevel [2ms]
2024-08-19 18:26:08.911 [info] fatal: not a git repository (or any parent up to mount point /)
Stopping at filesystem boundary (GIT_DISCOVERY_ACROSS_FILESYSTEM not set).
2024-08-19 18:26:13.905 [info] > git rev-parse --show-toplevel [2ms]
2024-08-19 18:26:13.905 [info] fatal: not a git repository (or any parent up to mount point /)
Stopping at filesystem boundary (GIT_DISCOVERY_ACROSS_FILESYSTEM not set).
2024-08-19 18:35:52.540 [info] > git rev-parse --show-toplevel [2ms]
2024-08-19 18:35:52.540 [info] fatal: not a git repository (or any parent up to mount point /)
Stopping at filesystem boundary (GIT_DISCOVERY_ACROSS_FILESYSTEM not set).
