2024-08-17 12:32:57.511 [info] [main] Log level: Info
2024-08-17 12:32:57.511 [info] [main] Validating found git in: "git"
2024-08-17 12:32:57.511 [info] [main] Using git "2.46.0" from "git"
2024-08-17 12:32:57.511 [info] [Model][doInitialScan] Initial repository scan started
2024-08-17 12:32:57.511 [info] [Model][doInitialScan] Initial repository scan completed - repositories (0), closed repositories (0), parent repositories (0), unsafe repositories (0)
2024-08-17 12:34:58.887 [info] [main] Log level: Info
2024-08-17 12:34:58.887 [info] [main] Validating found git in: "git"
2024-08-17 12:34:58.887 [info] [main] Using git "2.46.0" from "git"
2024-08-17 12:34:58.887 [info] [Model][doInitialScan] Initial repository scan started
2024-08-17 12:34:58.887 [info] > git rev-parse --show-toplevel [15ms]
2024-08-17 12:34:58.887 [info] fatal: not a git repository (or any parent up to mount point /)
Stopping at filesystem boundary (GIT_DISCOVERY_ACROSS_FILESYSTEM not set).
2024-08-17 12:34:58.899 [info] > git rev-parse --show-toplevel [2ms]
2024-08-17 12:34:58.899 [info] fatal: not a git repository (or any parent up to mount point /)
Stopping at filesystem boundary (GIT_DISCOVERY_ACROSS_FILESYSTEM not set).
2024-08-17 12:34:58.907 [info] > git rev-parse --show-toplevel [2ms]
2024-08-17 12:34:58.907 [info] fatal: not a git repository (or any parent up to mount point /)
Stopping at filesystem boundary (GIT_DISCOVERY_ACROSS_FILESYSTEM not set).
2024-08-17 12:34:58.920 [info] > git rev-parse --show-toplevel [8ms]
2024-08-17 12:34:58.920 [info] fatal: not a git repository (or any parent up to mount point /)
Stopping at filesystem boundary (GIT_DISCOVERY_ACROSS_FILESYSTEM not set).
2024-08-17 12:34:58.927 [info] > git rev-parse --show-toplevel [1ms]
2024-08-17 12:34:58.927 [info] fatal: not a git repository (or any parent up to mount point /)
Stopping at filesystem boundary (GIT_DISCOVERY_ACROSS_FILESYSTEM not set).
2024-08-17 12:34:58.933 [info] > git rev-parse --show-toplevel [2ms]
2024-08-17 12:34:58.933 [info] fatal: not a git repository (or any parent up to mount point /)
Stopping at filesystem boundary (GIT_DISCOVERY_ACROSS_FILESYSTEM not set).
2024-08-17 12:34:58.944 [info] > git rev-parse --show-toplevel [2ms]
2024-08-17 12:34:58.944 [info] fatal: not a git repository (or any parent up to mount point /)
Stopping at filesystem boundary (GIT_DISCOVERY_ACROSS_FILESYSTEM not set).
2024-08-17 12:34:58.952 [info] > git rev-parse --show-toplevel [3ms]
2024-08-17 12:34:58.952 [info] fatal: not a git repository (or any parent up to mount point /)
Stopping at filesystem boundary (GIT_DISCOVERY_ACROSS_FILESYSTEM not set).
2024-08-17 12:34:58.960 [info] > git rev-parse --show-toplevel [2ms]
2024-08-17 12:34:58.960 [info] fatal: not a git repository (or any parent up to mount point /)
Stopping at filesystem boundary (GIT_DISCOVERY_ACROSS_FILESYSTEM not set).
2024-08-17 12:34:58.966 [info] > git rev-parse --show-toplevel [2ms]
2024-08-17 12:34:58.966 [info] fatal: not a git repository (or any parent up to mount point /)
Stopping at filesystem boundary (GIT_DISCOVERY_ACROSS_FILESYSTEM not set).
2024-08-17 12:34:58.972 [info] > git rev-parse --show-toplevel [2ms]
2024-08-17 12:34:58.972 [info] fatal: not a git repository (or any parent up to mount point /)
Stopping at filesystem boundary (GIT_DISCOVERY_ACROSS_FILESYSTEM not set).
2024-08-17 12:34:58.980 [info] > git rev-parse --show-toplevel [3ms]
2024-08-17 12:34:58.981 [info] fatal: not a git repository (or any parent up to mount point /)
Stopping at filesystem boundary (GIT_DISCOVERY_ACROSS_FILESYSTEM not set).
2024-08-17 12:34:58.994 [info] > git rev-parse --show-toplevel [3ms]
2024-08-17 12:34:58.994 [info] fatal: not a git repository (or any parent up to mount point /)
Stopping at filesystem boundary (GIT_DISCOVERY_ACROSS_FILESYSTEM not set).
2024-08-17 12:34:59.002 [info] > git rev-parse --show-toplevel [2ms]
2024-08-17 12:34:59.002 [info] fatal: not a git repository (or any parent up to mount point /)
Stopping at filesystem boundary (GIT_DISCOVERY_ACROSS_FILESYSTEM not set).
2024-08-17 12:34:59.012 [info] > git rev-parse --show-toplevel [3ms]
2024-08-17 12:34:59.012 [info] fatal: not a git repository (or any parent up to mount point /)
Stopping at filesystem boundary (GIT_DISCOVERY_ACROSS_FILESYSTEM not set).
2024-08-17 12:34:59.012 [info] [Model][doInitialScan] Initial repository scan completed - repositories (0), closed repositories (0), parent repositories (0), unsafe repositories (0)
2024-08-17 12:34:59.849 [info] > git rev-parse --show-toplevel [1ms]
2024-08-17 12:34:59.849 [info] fatal: not a git repository (or any parent up to mount point /)
Stopping at filesystem boundary (GIT_DISCOVERY_ACROSS_FILESYSTEM not set).
2024-08-17 12:35:05.382 [info] > git rev-parse --show-toplevel [2ms]
2024-08-17 12:35:05.382 [info] fatal: not a git repository (or any parent up to mount point /)
Stopping at filesystem boundary (GIT_DISCOVERY_ACROSS_FILESYSTEM not set).
2024-08-17 12:37:58.149 [info] > git rev-parse --show-toplevel [2ms]
2024-08-17 12:37:58.149 [info] fatal: not a git repository (or any parent up to mount point /)
Stopping at filesystem boundary (GIT_DISCOVERY_ACROSS_FILESYSTEM not set).
2024-08-17 12:42:48.215 [info] > git rev-parse --show-toplevel [2ms]
2024-08-17 12:42:48.215 [info] fatal: not a git repository (or any parent up to mount point /)
Stopping at filesystem boundary (GIT_DISCOVERY_ACROSS_FILESYSTEM not set).
2024-08-17 12:42:54.749 [info] > git rev-parse --show-toplevel [2ms]
2024-08-17 12:42:54.749 [info] fatal: not a git repository (or any parent up to mount point /)
Stopping at filesystem boundary (GIT_DISCOVERY_ACROSS_FILESYSTEM not set).
2024-08-17 12:49:48.829 [info] > git rev-parse --show-toplevel [2ms]
2024-08-17 12:49:48.829 [info] fatal: not a git repository (or any parent up to mount point /)
Stopping at filesystem boundary (GIT_DISCOVERY_ACROSS_FILESYSTEM not set).
2024-08-17 12:53:18.578 [info] > git rev-parse --show-toplevel [1ms]
2024-08-17 12:53:18.578 [info] fatal: not a git repository (or any parent up to mount point /)
Stopping at filesystem boundary (GIT_DISCOVERY_ACROSS_FILESYSTEM not set).
2024-08-17 12:53:59.546 [info] > git rev-parse --show-toplevel [3ms]
2024-08-17 12:53:59.546 [info] fatal: not a git repository (or any parent up to mount point /)
Stopping at filesystem boundary (GIT_DISCOVERY_ACROSS_FILESYSTEM not set).
2024-08-17 12:54:01.917 [info] > git rev-parse --show-toplevel [2ms]
2024-08-17 12:54:01.917 [info] fatal: not a git repository (or any parent up to mount point /)
Stopping at filesystem boundary (GIT_DISCOVERY_ACROSS_FILESYSTEM not set).
2024-08-17 12:54:06.225 [info] > git rev-parse --show-toplevel [4ms]
2024-08-17 12:54:06.225 [info] fatal: not a git repository (or any parent up to mount point /)
Stopping at filesystem boundary (GIT_DISCOVERY_ACROSS_FILESYSTEM not set).
2024-08-17 12:54:06.854 [info] > git rev-parse --show-toplevel [6ms]
2024-08-17 12:54:06.855 [info] fatal: not a git repository (or any parent up to mount point /)
Stopping at filesystem boundary (GIT_DISCOVERY_ACROSS_FILESYSTEM not set).
2024-08-17 12:54:09.093 [info] > git rev-parse --show-toplevel [3ms]
2024-08-17 12:54:09.093 [info] fatal: not a git repository (or any parent up to mount point /)
Stopping at filesystem boundary (GIT_DISCOVERY_ACROSS_FILESYSTEM not set).
2024-08-17 12:54:16.758 [info] > git rev-parse --show-toplevel [3ms]
2024-08-17 12:54:16.758 [info] fatal: not a git repository (or any parent up to mount point /)
Stopping at filesystem boundary (GIT_DISCOVERY_ACROSS_FILESYSTEM not set).
2024-08-17 12:56:26.061 [info] > git rev-parse --show-toplevel [2ms]
2024-08-17 12:56:26.061 [info] fatal: not a git repository (or any parent up to mount point /)
Stopping at filesystem boundary (GIT_DISCOVERY_ACROSS_FILESYSTEM not set).
2024-08-17 12:57:26.116 [info] > git rev-parse --show-toplevel [1ms]
2024-08-17 12:57:26.116 [info] fatal: not a git repository (or any parent up to mount point /)
Stopping at filesystem boundary (GIT_DISCOVERY_ACROSS_FILESYSTEM not set).
2024-08-17 12:57:27.901 [info] > git rev-parse --show-toplevel [3ms]
2024-08-17 12:57:27.901 [info] fatal: not a git repository (or any parent up to mount point /)
Stopping at filesystem boundary (GIT_DISCOVERY_ACROSS_FILESYSTEM not set).
2024-08-17 13:02:46.730 [info] > git rev-parse --show-toplevel [2ms]
2024-08-17 13:02:46.730 [info] fatal: not a git repository (or any parent up to mount point /)
Stopping at filesystem boundary (GIT_DISCOVERY_ACROSS_FILESYSTEM not set).
2024-08-17 13:03:26.886 [info] > git rev-parse --show-toplevel [3ms]
2024-08-17 13:03:26.886 [info] fatal: not a git repository (or any parent up to mount point /)
Stopping at filesystem boundary (GIT_DISCOVERY_ACROSS_FILESYSTEM not set).
2024-08-17 13:03:32.986 [info] > git rev-parse --show-toplevel [5ms]
2024-08-17 13:03:32.986 [info] fatal: not a git repository (or any parent up to mount point /)
Stopping at filesystem boundary (GIT_DISCOVERY_ACROSS_FILESYSTEM not set).
2024-08-17 13:03:58.838 [info] > git rev-parse --show-toplevel [2ms]
2024-08-17 13:03:58.838 [info] fatal: not a git repository (or any parent up to mount point /)
Stopping at filesystem boundary (GIT_DISCOVERY_ACROSS_FILESYSTEM not set).
2024-08-17 13:04:02.924 [info] > git rev-parse --show-toplevel [2ms]
2024-08-17 13:04:02.924 [info] fatal: not a git repository (or any parent up to mount point /)
Stopping at filesystem boundary (GIT_DISCOVERY_ACROSS_FILESYSTEM not set).
2024-08-17 13:04:21.005 [info] > git rev-parse --show-toplevel [1ms]
2024-08-17 13:04:21.006 [info] fatal: not a git repository (or any parent up to mount point /)
Stopping at filesystem boundary (GIT_DISCOVERY_ACROSS_FILESYSTEM not set).
2024-08-17 13:04:36.023 [info] > git rev-parse --show-toplevel [2ms]
2024-08-17 13:04:36.023 [info] fatal: not a git repository (or any parent up to mount point /)
Stopping at filesystem boundary (GIT_DISCOVERY_ACROSS_FILESYSTEM not set).
2024-08-17 13:04:53.166 [info] > git rev-parse --show-toplevel [2ms]
2024-08-17 13:04:53.166 [info] fatal: not a git repository (or any parent up to mount point /)
Stopping at filesystem boundary (GIT_DISCOVERY_ACROSS_FILESYSTEM not set).
2024-08-17 13:05:34.828 [info] > git rev-parse --show-toplevel [2ms]
2024-08-17 13:05:34.828 [info] fatal: not a git repository (or any parent up to mount point /)
Stopping at filesystem boundary (GIT_DISCOVERY_ACROSS_FILESYSTEM not set).
2024-08-17 13:06:07.786 [info] > git rev-parse --show-toplevel [3ms]
2024-08-17 13:06:07.786 [info] fatal: not a git repository (or any parent up to mount point /)
Stopping at filesystem boundary (GIT_DISCOVERY_ACROSS_FILESYSTEM not set).
2024-08-17 13:08:10.126 [info] > git rev-parse --show-toplevel [3ms]
2024-08-17 13:08:10.126 [info] fatal: not a git repository (or any parent up to mount point /)
Stopping at filesystem boundary (GIT_DISCOVERY_ACROSS_FILESYSTEM not set).
2024-08-18 11:40:22.663 [info] > git rev-parse --show-toplevel [3ms]
2024-08-18 11:40:22.663 [info] fatal: not a git repository (or any parent up to mount point /)
Stopping at filesystem boundary (GIT_DISCOVERY_ACROSS_FILESYSTEM not set).
2024-08-18 11:40:29.695 [info] > git rev-parse --show-toplevel [3ms]
2024-08-18 11:40:29.695 [info] fatal: not a git repository (or any parent up to mount point /)
Stopping at filesystem boundary (GIT_DISCOVERY_ACROSS_FILESYSTEM not set).
2024-08-18 11:44:54.145 [info] > git rev-parse --show-toplevel [2ms]
2024-08-18 11:44:54.145 [info] fatal: not a git repository (or any parent up to mount point /)
Stopping at filesystem boundary (GIT_DISCOVERY_ACROSS_FILESYSTEM not set).
2024-08-18 11:46:46.030 [info] > git rev-parse --show-toplevel [5ms]
2024-08-18 11:46:46.030 [info] fatal: not a git repository (or any parent up to mount point /)
Stopping at filesystem boundary (GIT_DISCOVERY_ACROSS_FILESYSTEM not set).
2024-08-18 11:49:20.926 [info] > git rev-parse --show-toplevel [5ms]
2024-08-18 11:49:20.928 [info] fatal: not a git repository (or any parent up to mount point /)
Stopping at filesystem boundary (GIT_DISCOVERY_ACROSS_FILESYSTEM not set).
2024-08-18 11:50:06.989 [info] > git rev-parse --show-toplevel [2ms]
2024-08-18 11:50:06.989 [info] fatal: not a git repository (or any parent up to mount point /)
Stopping at filesystem boundary (GIT_DISCOVERY_ACROSS_FILESYSTEM not set).
2024-08-18 11:50:12.107 [info] > git rev-parse --show-toplevel [3ms]
2024-08-18 11:50:12.107 [info] fatal: not a git repository (or any parent up to mount point /)
Stopping at filesystem boundary (GIT_DISCOVERY_ACROSS_FILESYSTEM not set).
